2025-05-13 15:46:39,724 - robo-trader.connector - INFO - Connecting to IQ Option...
2025-05-13 15:46:41,535 - robo-trader.connector - ERROR - Incorrect email or password
2025-05-13 15:46:41,540 - robo-trader.connector - INFO - Connecting to IQ Option...
2025-05-13 15:46:43,296 - robo-trader.connector - ERROR - Incorrect email or password
2025-05-13 15:46:43,298 - robo-trader.connector - INFO - Connecting to IQ Option...
2025-05-13 15:46:45,118 - robo-trader.connector - ERROR - Incorrect email or password
2025-05-13 15:54:50,931 - robo-trader.connector - INFO - Connecting to IQ Option...
2025-05-13 15:54:53,353 - robo-trader.connector - ERROR - Incorrect email or password
2025-05-13 15:57:27,649 - robo-trader.connector - INFO - Connecting to IQ Option...
2025-05-13 15:57:30,129 - robo-trader.connector - ERROR - Incorrect email or password
2025-05-13 15:59:16,208 - robo-trader.connector - INFO - Connecting to IQ Option...
2025-05-13 15:59:19,209 - robo-trader.connector - ERROR - Incorrect email or password
2025-05-13 16:01:35,026 - robo-trader.connector - INFO - Connecting to IQ Option...
2025-05-13 16:01:37,532 - robo-trader.connector - ERROR - Connection error: You entered the wrong credentials. Please ensure that your login/password is correct.
2025-05-13 16:04:31,229 - robo-trader.connector - INFO - Connecting to IQ Option...
2025-05-13 16:04:33,665 - robo-trader.connector - ERROR - Connection error: You entered the wrong credentials. Please ensure that your login/password is correct.
2025-05-13 16:04:33,666 - robo-trader - ERROR - Login failed: You entered the wrong credentials. Please ensure that your login/password is correct.
2025-05-13 16:04:48,629 - robo-trader.connector - INFO - Connecting to IQ Option...
2025-05-13 16:04:51,301 - robo-trader.connector - INFO - Connected successfully!
2025-05-13 16:04:51,735 - robo-trader.connector - INFO - Selected PRACTICE account. Balance: 7979.72
2025-05-13 16:05:56,529 - robo-trader.connector - INFO - Connecting to IQ Option...
2025-05-13 16:05:58,807 - robo-trader.connector - INFO - Connected successfully!
2025-05-13 16:05:59,327 - robo-trader.connector - INFO - Selected PRACTICE account. Balance: 7979.72
2025-05-13 16:06:37,181 - robo-trader - INFO - Executing trade: AUDNZD-OTC call 2$ exp:5min
2025-05-13 16:06:46,272 - robo-trader.connector - INFO - Executing CALL order on AUDNZD-OTC for 2$, expiry: 5min (digital)
2025-05-13 16:06:46,272 - robo-trader.connector - ERROR - Error executing trade: 'AUDNZD-OTC'
2025-05-13 16:06:46,274 - robo-trader - INFO - Trade result: {'time': '2025-05-13T16:06:46.274621', 'asset': 'AUDNZD-OTC', 'direction': 'call', 'amount': 2, 'expiration': 5, 'result': {'success': False, 'error': "'AUDNZD-OTC'", 'profit_amount': -2}}
2025-05-13 16:07:34,889 - robo-trader.connector - INFO - Connecting to IQ Option...
2025-05-13 16:07:36,683 - robo-trader.connector - INFO - Connected successfully!
2025-05-13 16:07:37,170 - robo-trader.connector - INFO - Selected PRACTICE account. Balance: 7979.72
2025-05-13 16:08:49,124 - robo-trader - INFO - Executing trade: SOLUSD-OTC put 2$ exp:5min
